rider/build/intermediates/manifest_merge_blame_file/release/manifest-merger-blame-release-report.txt
1<?xml version="1.0" encoding="utf-8"?>
2<manifest xmlns:android="http://schemas.android.com/apk/res/android"
3    package="com.tawabsoft.taxi.rider"
4    android:versionCode="54"
5    android:versionName="3.1.11" >
6
7    <uses-sdk
8        android:minSdkVersion="19"
8-->src\main\AndroidManifest.xml
9        android:targetSdkVersion="29" />
9-->src\main\AndroidManifest.xml
10
11    <uses-permission android:name="android.permission.ACCESS_FINE_LOCATION" />
11-->src\main\AndroidManifest.xml:6:5-79
11-->src\main\AndroidManifest.xml:6:22-76
12    <uses-permission android:name="android.permission.ACCESS_COARSE_LOCATION" />
12-->src\main\AndroidManifest.xml:7:5-81
12-->src\main\AndroidManifest.xml:7:22-78
13    <uses-permission android:name="android.permission.INTERNET" />
13-->src\main\AndroidManifest.xml:8:5-67
13-->src\main\AndroidManifest.xml:8:22-64
14    <uses-permission android:name="android.permission.READ_PHONE_STATE" /> <!-- This permission is optional and gets authentication SMS and fills corresponding field during registration -->
14-->src\main\AndroidManifest.xml:9:5-75
14-->src\main\AndroidManifest.xml:9:22-72
15    <uses-permission android:name="android.permission.VIBRATE" />
15-->src\main\AndroidManifest.xml:10:5-66
15-->src\main\AndroidManifest.xml:10:22-63
16    <uses-permission android:name="android.permission.WRITE_EXTERNAL_STORAGE" />
16-->src\main\AndroidManifest.xml:11:5-81
16-->src\main\AndroidManifest.xml:11:22-78
17    <uses-permission android:name="android.permission.CALL_PHONE" />
17-->src\main\AndroidManifest.xml:12:5-69
17-->src\main\AndroidManifest.xml:12:22-66
18    <uses-permission android:name="android.permission.ACCESS_NETWORK_STATE" />
18-->src\main\AndroidManifest.xml:13:5-79
18-->src\main\AndroidManifest.xml:13:22-76
19    <uses-permission android:name="android.permission.RECORD_AUDIO" />
19-->src\main\AndroidManifest.xml:14:5-71
19-->src\main\AndroidManifest.xml:14:22-68
20    <uses-permission android:name="android.permission.READ_EXTERNAL_STORAGE" />
20-->[:common] AndroidManifest.xml:14:5-80
20-->[:common] AndroidManifest.xml:14:22-77
21    <uses-permission android:name="android.permission.ACCESS_WIFI_STATE" />
21-->[com.google.android.libraries.places:places:2.3.0] AndroidManifest.xml:10:5-76
21-->[com.google.android.libraries.places:places:2.3.0] AndroidManifest.xml:10:22-73
22    <uses-permission android:name="android.permission.CAMERA" />
22-->[com.github.esafirm.android-image-picker:imagepicker:2.2.0] AndroidManifest.xml:13:5-65
22-->[com.github.esafirm.android-image-picker:imagepicker:2.2.0] AndroidManifest.xml:13:22-62
23
24    <uses-feature
24-->[com.google.android.gms:play-services-maps:17.0.0] AndroidManifest.xml:26:5-28:35
25        android:glEsVersion="0x00020000"
25-->[com.google.android.gms:play-services-maps:17.0.0] AndroidManifest.xml:27:9-41
26        android:required="true" />
26-->[com.google.android.gms:play-services-maps:17.0.0] AndroidManifest.xml:28:9-32
27
28    <uses-permission android:name="android.permission.WAKE_LOCK" /> <!-- Required by older versions of Google Play services to create IID tokens -->
28-->[com.google.android.gms:play-services-measurement-api:17.4.3] AndroidManifest.xml:24:5-68
28-->[com.google.android.gms:play-services-measurement-api:17.4.3] AndroidManifest.xml:24:22-65
29    <uses-permission android:name="com.google.android.c2dm.permission.RECEIVE" />
29-->[com.google.firebase:firebase-iid:20.2.1] AndroidManifest.xml:26:5-82
29-->[com.google.firebase:firebase-iid:20.2.1] AndroidManifest.xml:26:22-79
30    <uses-permission android:name="com.google.android.finsky.permission.BIND_GET_INSTALL_REFERRER_SERVICE" />
30-->[com.google.android.gms:play-services-measurement:17.4.3] AndroidManifest.xml:26:5-110
30-->[com.google.android.gms:play-services-measurement:17.4.3] AndroidManifest.xml:26:22-107
31
32    <application
32-->src\main\AndroidManifest.xml:16:5-76:19
33        android:name="com.tawabsoft.taxi.common.MyTaxiApplication"
33-->src\main\AndroidManifest.xml:17:9-67
34        android:allowBackup="true"
34-->src\main\AndroidManifest.xml:18:9-35
35        android:appComponentFactory="androidx.core.app.CoreComponentFactory"
35-->[androidx.core:core:1.3.1] AndroidManifest.xml:24:18-86
36        android:clearTaskOnLaunch="true"
36-->src\main\AndroidManifest.xml:19:9-41
37        android:fullBackupContent="false"
37-->src\main\AndroidManifest.xml:20:9-42
38        android:icon="@drawable/rider_logo"
38-->src\main\AndroidManifest.xml:21:9-44
39        android:label="@string/app_name"
39-->src\main\AndroidManifest.xml:22:9-41
40        android:launchMode="singleTask"
40-->src\main\AndroidManifest.xml:23:9-40
41        android:requestLegacyExternalStorage="true"
41-->src\main\AndroidManifest.xml:24:9-52
42        android:roundIcon="@drawable/rider_logo"
42-->src\main\AndroidManifest.xml:25:9-49
43        android:supportsRtl="true"
43-->src\main\AndroidManifest.xml:26:9-35
44        android:usesCleartextTraffic="true" >
44-->src\main\AndroidManifest.xml:27:9-44
45        <activity android:name="com.tawabsoft.taxi.rider.activities.login.RiderLoginActivity" />
45-->src\main\AndroidManifest.xml:30:9-73
45-->src\main\AndroidManifest.xml:30:19-70
46        <activity android:name="com.tawabsoft.taxi.rider.activities.looking.LookingActivity" />
46-->src\main\AndroidManifest.xml:31:9-72
46-->src\main\AndroidManifest.xml:31:19-69
47        <activity
47-->src\main\AndroidManifest.xml:32:9-43:20
48            android:name="com.braintreepayments.api.BraintreeBrowserSwitchActivity"
48-->src\main\AndroidManifest.xml:33:13-84
49            android:launchMode="singleTask" >
49-->src\main\AndroidManifest.xml:34:13-44
50            <intent-filter>
50-->src\main\AndroidManifest.xml:35:13-42:29
51                <action android:name="android.intent.action.VIEW" />
51-->src\main\AndroidManifest.xml:36:17-69
51-->src\main\AndroidManifest.xml:36:25-66
52
53                <category android:name="android.intent.category.DEFAULT" />
53-->src\main\AndroidManifest.xml:38:17-76
53-->src\main\AndroidManifest.xml:38:27-73
54                <category android:name="android.intent.category.BROWSABLE" />
54-->src\main\AndroidManifest.xml:39:17-78
54-->src\main\AndroidManifest.xml:39:27-75
55
56                <data android:scheme="com.tawabsoft.taxi.rider.braintree" />
56-->src\main\AndroidManifest.xml:41:23-66
57            </intent-filter>
58        </activity>
59
60        <meta-data
60-->src\main\AndroidManifest.xml:45:9-47:55
61            android:name="com.google.android.geo.API_KEY"
61-->src\main\AndroidManifest.xml:46:13-58
62            android:value="@string/google_maps_key" />
62-->src\main\AndroidManifest.xml:47:13-52
63
64        <activity
64-->src\main\AndroidManifest.xml:49:9-58:20
65            android:name="com.tawabsoft.taxi.rider.activities.splash.SplashActivity"
65-->src\main\AndroidManifest.xml:50:13-61
66            android:theme="@style/ContentMainBadgeTitle" >
66-->src\main\AndroidManifest.xml:51:13-57
67            <intent-filter>
67-->src\main\AndroidManifest.xml:52:13-57:29
68                <action android:name="android.intent.action.MAIN" />
68-->src\main\AndroidManifest.xml:53:17-69
68-->src\main\AndroidManifest.xml:53:25-66
69                <action android:name="android.intent.action.VIEW" />
69-->src\main\AndroidManifest.xml:36:17-69
69-->src\main\AndroidManifest.xml:36:25-66
70
71                <category android:name="android.intent.category.LAUNCHER" />
71-->src\main\AndroidManifest.xml:56:17-77
71-->src\main\AndroidManifest.xml:56:27-74
72            </intent-filter>
73        </activity>
74        <activity android:name="com.tawabsoft.taxi.rider.activities.addresses.AddressesActivity" />
74-->src\main\AndroidManifest.xml:59:9-76
74-->src\main\AndroidManifest.xml:59:19-73
75        <activity
75-->src\main\AndroidManifest.xml:60:9-62:52
76            android:name="com.tawabsoft.taxi.rider.activities.travel.TravelActivity"
76-->src\main\AndroidManifest.xml:61:13-61
77            android:screenOrientation="portrait" />
77-->src\main\AndroidManifest.xml:62:13-49
78        <activity android:name="com.tawabsoft.taxi.rider.activities.profile.ProfileActivity" />
78-->src\main\AndroidManifest.xml:63:9-72
78-->src\main\AndroidManifest.xml:63:19-69
79        <activity android:name="com.tawabsoft.taxi.common.activities.chargeAccount.ChargeAccountActivity" />
79-->src\main\AndroidManifest.xml:64:9-109
79-->src\main\AndroidManifest.xml:64:19-106
80        <activity android:name="com.tawabsoft.taxi.rider.activities.about.AboutActivity" />
80-->src\main\AndroidManifest.xml:65:9-68
80-->src\main\AndroidManifest.xml:65:19-65
81        <activity
81-->src\main\AndroidManifest.xml:66:9-69:52
82            android:name="com.yalantis.ucrop.UCropActivity"
82-->src\main\AndroidManifest.xml:67:13-60
83            android:screenOrientation="portrait"
83-->src\main\AndroidManifest.xml:68:13-49
84            android:theme="@style/Theme.Default" />
84-->src\main\AndroidManifest.xml:69:13-49
85        <activity
85-->src\main\AndroidManifest.xml:70:9-73:52
86            android:name="com.tawabsoft.taxi.rider.activities.main.MainActivity"
86-->src\main\AndroidManifest.xml:71:13-57
87            android:launchMode="singleTop"
87-->src\main\AndroidManifest.xml:72:13-43
88            android:screenOrientation="portrait" />
88-->src\main\AndroidManifest.xml:73:13-49
89        <activity android:name="com.tawabsoft.taxi.rider.activities.coupon.CouponActivity" />
89-->src\main\AndroidManifest.xml:74:9-70
89-->src\main\AndroidManifest.xml:74:19-67
90        <activity android:name="com.tawabsoft.taxi.rider.activities.promotions.PromotionsActivity" />
90-->src\main\AndroidManifest.xml:75:9-78
90-->src\main\AndroidManifest.xml:75:19-75
91        <activity android:name="com.tawabsoft.taxi.common.activities.chat.ChatActivity" />
91-->[:common] AndroidManifest.xml:18:9-91
91-->[:common] AndroidManifest.xml:18:19-88
92        <activity android:name="com.tawabsoft.taxi.common.activities.travels.TravelsActivity" />
92-->[:common] AndroidManifest.xml:19:9-97
92-->[:common] AndroidManifest.xml:19:19-94
93        <activity android:name="com.tawabsoft.taxi.common.activities.contactUs.ContactUsActivity" />
93-->[:common] AndroidManifest.xml:20:9-101
93-->[:common] AndroidManifest.xml:20:19-98
94        <activity android:name="com.tawabsoft.taxi.common.activities.chargeAccount.PaymentCallbackActivity" >
94-->[:common] AndroidManifest.xml:21:9-30:20
94-->[:common] AndroidManifest.xml:21:19-108
95            <intent-filter>
95-->[:common] AndroidManifest.xml:22:13-29:29
96                <action android:name="android.intent.action.VIEW" />
96-->src\main\AndroidManifest.xml:36:17-69
96-->src\main\AndroidManifest.xml:36:25-66
97
98                <category android:name="android.intent.category.DEFAULT" />
98-->src\main\AndroidManifest.xml:38:17-76
98-->src\main\AndroidManifest.xml:38:27-73
99                <category android:name="android.intent.category.BROWSABLE" />
99-->src\main\AndroidManifest.xml:39:17-78
99-->src\main\AndroidManifest.xml:39:27-75
100
101                <data android:scheme="taxi" />
101-->src\main\AndroidManifest.xml:41:23-66
102            </intent-filter>
103        </activity>
104        <activity android:name="com.tawabsoft.taxi.common.activities.transactions.TransactionsActivity" />
104-->[:common] AndroidManifest.xml:31:9-107
104-->[:common] AndroidManifest.xml:31:19-104
105        <activity
105-->[com.stripe:stripe-android:14.5.0] AndroidManifest.xml:12:9-14:57
106            android:name="com.stripe.android.view.AddPaymentMethodActivity"
106-->[com.stripe:stripe-android:14.5.0] AndroidManifest.xml:13:13-76
107            android:theme="@style/StripeDefaultTheme" />
107-->[com.stripe:stripe-android:14.5.0] AndroidManifest.xml:14:13-54
108        <activity
108-->[com.stripe:stripe-android:14.5.0] AndroidManifest.xml:15:9-17:57
109            android:name="com.stripe.android.view.PaymentMethodsActivity"
109-->[com.stripe:stripe-android:14.5.0] AndroidManifest.xml:16:13-74
110            android:theme="@style/StripeDefaultTheme" />
110-->[com.stripe:stripe-android:14.5.0] AndroidManifest.xml:17:13-54
111        <activity
111-->[com.stripe:stripe-android:14.5.0] AndroidManifest.xml:18:9-20:57
112            android:name="com.stripe.android.view.PaymentFlowActivity"
112-->[com.stripe:stripe-android:14.5.0] AndroidManifest.xml:19:13-71
113            android:theme="@style/StripeDefaultTheme" />
113-->[com.stripe:stripe-android:14.5.0] AndroidManifest.xml:20:13-54
114        <activity
114-->[com.stripe:stripe-android:14.5.0] AndroidManifest.xml:21:9-23:57
115            android:name="com.stripe.android.view.PaymentAuthWebViewActivity"
115-->[com.stripe:stripe-android:14.5.0] AndroidManifest.xml:22:13-78
116            android:theme="@style/StripeDefaultTheme" />
116-->[com.stripe:stripe-android:14.5.0] AndroidManifest.xml:23:13-54
117        <activity
117-->[com.stripe:stripe-android:14.5.0] AndroidManifest.xml:24:9-26:57
118            android:name="com.stripe.android.view.PaymentRelayActivity"
118-->[com.stripe:stripe-android:14.5.0] AndroidManifest.xml:25:13-72
119            android:theme="@style/StripeDefaultTheme" />
119-->[com.stripe:stripe-android:14.5.0] AndroidManifest.xml:26:13-54
120        <activity
120-->[com.stripe:stripe-android:14.5.0] AndroidManifest.xml:27:9-29:57
121            android:name="com.stripe.android.view.Stripe3ds2CompletionActivity"
121-->[com.stripe:stripe-android:14.5.0] AndroidManifest.xml:28:13-80
122            android:theme="@style/StripeDefaultTheme" />
122-->[com.stripe:stripe-android:14.5.0] AndroidManifest.xml:29:13-54
123        <activity
123-->[com.stripe:stripe-3ds2-android:3.0.2] AndroidManifest.xml:12:9-14:54
124            android:name="com.stripe.android.stripe3ds2.views.ChallengeActivity"
124-->[com.stripe:stripe-3ds2-android:3.0.2] AndroidManifest.xml:13:13-81
125            android:theme="@style/Stripe3DS2Theme" />
125-->[com.stripe:stripe-3ds2-android:3.0.2] AndroidManifest.xml:14:13-51
126        <activity
126-->[com.stripe:stripe-3ds2-android:3.0.2] AndroidManifest.xml:15:9-17:54
127            android:name="com.stripe.android.stripe3ds2.views.ChallengeProgressDialogActivity"
127-->[com.stripe:stripe-3ds2-android:3.0.2] AndroidManifest.xml:16:13-95
128            android:theme="@style/Stripe3DS2Theme" />
128-->[com.stripe:stripe-3ds2-android:3.0.2] AndroidManifest.xml:17:13-51
129        <activity
129-->[com.google.android.libraries.places:places:2.3.0] AndroidManifest.xml:14:9-20:20
130            android:name="com.google.android.libraries.places.widget.AutocompleteActivity"
130-->[com.google.android.libraries.places:places:2.3.0] AndroidManifest.xml:15:13-91
131            android:exported="false"
131-->[com.google.android.libraries.places:places:2.3.0] AndroidManifest.xml:16:13-37
132            android:label="@string/places_autocomplete_label"
132-->[com.google.android.libraries.places:places:2.3.0] AndroidManifest.xml:17:13-62
133            android:theme="@style/PlacesAutocompleteOverlay"
133-->[com.google.android.libraries.places:places:2.3.0] AndroidManifest.xml:18:13-61
134            android:windowSoftInputMode="adjustResize" >
134-->[com.google.android.libraries.places:places:2.3.0] AndroidManifest.xml:19:13-55
135        </activity>
136
137        <meta-data
137-->[com.firebaseui:firebase-ui-auth:6.2.1] AndroidManifest.xml:16:9-18:69
138            android:name="com.google.android.gms.version"
138-->[com.firebaseui:firebase-ui-auth:6.2.1] AndroidManifest.xml:17:13-58
139            android:value="@integer/google_play_services_version" />
139-->[com.firebaseui:firebase-ui-auth:6.2.1] AndroidManifest.xml:18:13-66
140        <meta-data
140-->[com.firebaseui:firebase-ui-auth:6.2.1] AndroidManifest.xml:19:9-21:63
141            android:name="com.facebook.sdk.ApplicationId"
141-->[com.firebaseui:firebase-ui-auth:6.2.1] AndroidManifest.xml:20:13-58
142            android:value="@string/facebook_application_id" />
142-->[com.firebaseui:firebase-ui-auth:6.2.1] AndroidManifest.xml:21:13-60
143
144        <activity
144-->[com.firebaseui:firebase-ui-auth:6.2.1] AndroidManifest.xml:23:9-27:61
145            android:name="com.firebase.ui.auth.KickoffActivity"
145-->[com.firebaseui:firebase-ui-auth:6.2.1] AndroidManifest.xml:24:13-64
146            android:exported="false"
146-->[com.firebaseui:firebase-ui-auth:6.2.1] AndroidManifest.xml:25:13-37
147            android:label=""
147-->[com.firebaseui:firebase-ui-auth:6.2.1] AndroidManifest.xml:26:13-29
148            android:theme="@style/FirebaseUI.Transparent" />
148-->[com.firebaseui:firebase-ui-auth:6.2.1] AndroidManifest.xml:27:13-58
149        <activity
149-->[com.firebaseui:firebase-ui-auth:6.2.1] AndroidManifest.xml:28:9-32:61
150            android:name="com.firebase.ui.auth.ui.idp.SingleSignInActivity"
150-->[com.firebaseui:firebase-ui-auth:6.2.1] AndroidManifest.xml:29:13-76
151            android:exported="false"
151-->[com.firebaseui:firebase-ui-auth:6.2.1] AndroidManifest.xml:30:13-37
152            android:label=""
152-->[com.firebaseui:firebase-ui-auth:6.2.1] AndroidManifest.xml:31:13-29
153            android:theme="@style/FirebaseUI.Transparent" />
153-->[com.firebaseui:firebase-ui-auth:6.2.1] AndroidManifest.xml:32:13-58
154        <activity
154-->[com.firebaseui:firebase-ui-auth:6.2.1] AndroidManifest.xml:33:9-37:61
155            android:name="com.firebase.ui.auth.ui.credentials.CredentialSaveActivity"
155-->[com.firebaseui:firebase-ui-auth:6.2.1] AndroidManifest.xml:34:13-86
156            android:exported="false"
156-->[com.firebaseui:firebase-ui-auth:6.2.1] AndroidManifest.xml:35:13-37
157            android:label=""
157-->[com.firebaseui:firebase-ui-auth:6.2.1] AndroidManifest.xml:36:13-29
158            android:theme="@style/FirebaseUI.Transparent" />
158-->[com.firebaseui:firebase-ui-auth:6.2.1] AndroidManifest.xml:37:13-58
159        <activity
159-->[com.firebaseui:firebase-ui-auth:6.2.1] AndroidManifest.xml:38:9-42:58
160            android:name="com.firebase.ui.auth.ui.email.RecoverPasswordActivity"
160-->[com.firebaseui:firebase-ui-auth:6.2.1] AndroidManifest.xml:39:13-81
161            android:exported="false"
161-->[com.firebaseui:firebase-ui-auth:6.2.1] AndroidManifest.xml:40:13-37
162            android:label="@string/fui_title_recover_password_activity"
162-->[com.firebaseui:firebase-ui-auth:6.2.1] AndroidManifest.xml:41:13-72
163            android:windowSoftInputMode="adjustResize" />
163-->[com.firebaseui:firebase-ui-auth:6.2.1] AndroidManifest.xml:42:13-55
164        <activity
164-->[com.firebaseui:firebase-ui-auth:6.2.1] AndroidManifest.xml:43:9-47:58
165            android:name="com.firebase.ui.auth.ui.email.EmailActivity"
165-->[com.firebaseui:firebase-ui-auth:6.2.1] AndroidManifest.xml:44:13-71
166            android:exported="false"
166-->[com.firebaseui:firebase-ui-auth:6.2.1] AndroidManifest.xml:45:13-37
167            android:label="@string/fui_sign_in_default"
167-->[com.firebaseui:firebase-ui-auth:6.2.1] AndroidManifest.xml:46:13-56
168            android:windowSoftInputMode="adjustResize" />
168-->[com.firebaseui:firebase-ui-auth:6.2.1] AndroidManifest.xml:47:13-55
169        <activity
169-->[com.firebaseui:firebase-ui-auth:6.2.1] AndroidManifest.xml:48:9-52:77
170            android:name="com.firebase.ui.auth.ui.phone.PhoneActivity"
170-->[com.firebaseui:firebase-ui-auth:6.2.1] AndroidManifest.xml:49:13-71
171            android:exported="false"
171-->[com.firebaseui:firebase-ui-auth:6.2.1] AndroidManifest.xml:50:13-37
172            android:label="@string/fui_sign_in_with_phone_number"
172-->[com.firebaseui:firebase-ui-auth:6.2.1] AndroidManifest.xml:51:13-66
173            android:windowSoftInputMode="adjustResize|stateAlwaysVisible" />
173-->[com.firebaseui:firebase-ui-auth:6.2.1] AndroidManifest.xml:52:13-74
174        <activity
174-->[com.firebaseui:firebase-ui-auth:6.2.1] AndroidManifest.xml:53:9-57:58
175            android:name="com.firebase.ui.auth.ui.idp.WelcomeBackIdpPrompt"
175-->[com.firebaseui:firebase-ui-auth:6.2.1] AndroidManifest.xml:54:13-76
176            android:exported="false"
176-->[com.firebaseui:firebase-ui-auth:6.2.1] AndroidManifest.xml:55:13-37
177            android:label="@string/fui_title_welcome_back_idp_prompt"
177-->[com.firebaseui:firebase-ui-auth:6.2.1] AndroidManifest.xml:56:13-70
178            android:windowSoftInputMode="adjustResize" />
178-->[com.firebaseui:firebase-ui-auth:6.2.1] AndroidManifest.xml:57:13-55
179        <activity
179-->[com.firebaseui:firebase-ui-auth:6.2.1] AndroidManifest.xml:58:9-62:58
180            android:name="com.firebase.ui.auth.ui.email.WelcomeBackPasswordPrompt"
180-->[com.firebaseui:firebase-ui-auth:6.2.1] AndroidManifest.xml:59:13-83
181            android:exported="false"
181-->[com.firebaseui:firebase-ui-auth:6.2.1] AndroidManifest.xml:60:13-37
182            android:label="@string/fui_title_welcome_back_password_prompt"
182-->[com.firebaseui:firebase-ui-auth:6.2.1] AndroidManifest.xml:61:13-75
183            android:windowSoftInputMode="adjustResize" />
183-->[com.firebaseui:firebase-ui-auth:6.2.1] AndroidManifest.xml:62:13-55
184        <activity
184-->[com.firebaseui:firebase-ui-auth:6.2.1] AndroidManifest.xml:63:9-67:58
185            android:name="com.firebase.ui.auth.ui.email.WelcomeBackEmailLinkPrompt"
185-->[com.firebaseui:firebase-ui-auth:6.2.1] AndroidManifest.xml:64:13-84
186            android:exported="false"
186-->[com.firebaseui:firebase-ui-auth:6.2.1] AndroidManifest.xml:65:13-37
187            android:label="@string/fui_title_welcome_back_password_prompt"
187-->[com.firebaseui:firebase-ui-auth:6.2.1] AndroidManifest.xml:66:13-75
188            android:windowSoftInputMode="adjustResize" />
188-->[com.firebaseui:firebase-ui-auth:6.2.1] AndroidManifest.xml:67:13-55
189        <activity
189-->[com.firebaseui:firebase-ui-auth:6.2.1] AndroidManifest.xml:68:9-73:58
190            android:name="com.firebase.ui.auth.ui.email.EmailLinkCatcherActivity"
190-->[com.firebaseui:firebase-ui-auth:6.2.1] AndroidManifest.xml:69:13-82
191            android:exported="false"
191-->[com.firebaseui:firebase-ui-auth:6.2.1] AndroidManifest.xml:70:13-37
192            android:label=""
192-->[com.firebaseui:firebase-ui-auth:6.2.1] AndroidManifest.xml:71:13-29
193            android:theme="@style/FirebaseUI.Transparent"
193-->[com.firebaseui:firebase-ui-auth:6.2.1] AndroidManifest.xml:72:13-58
194            android:windowSoftInputMode="adjustResize" />
194-->[com.firebaseui:firebase-ui-auth:6.2.1] AndroidManifest.xml:73:13-55
195        <activity
195-->[com.firebaseui:firebase-ui-auth:6.2.1] AndroidManifest.xml:74:9-78:58
196            android:name="com.firebase.ui.auth.ui.email.EmailLinkErrorRecoveryActivity"
196-->[com.firebaseui:firebase-ui-auth:6.2.1] AndroidManifest.xml:75:13-88
197            android:exported="false"
197-->[com.firebaseui:firebase-ui-auth:6.2.1] AndroidManifest.xml:76:13-37
198            android:label="@string/fui_sign_in_default"
198-->[com.firebaseui:firebase-ui-auth:6.2.1] AndroidManifest.xml:77:13-56
199            android:windowSoftInputMode="adjustResize" />
199-->[com.firebaseui:firebase-ui-auth:6.2.1] AndroidManifest.xml:78:13-55
200        <activity
200-->[com.firebaseui:firebase-ui-auth:6.2.1] AndroidManifest.xml:79:9-82:65
201            android:name="com.firebase.ui.auth.ui.idp.AuthMethodPickerActivity"
201-->[com.firebaseui:firebase-ui-auth:6.2.1] AndroidManifest.xml:80:13-80
202            android:exported="false"
202-->[com.firebaseui:firebase-ui-auth:6.2.1] AndroidManifest.xml:81:13-37
203            android:label="@string/fui_default_toolbar_title" />
203-->[com.firebaseui:firebase-ui-auth:6.2.1] AndroidManifest.xml:82:13-62
204        <activity
204-->[com.firebaseui:firebase-ui-auth:6.2.1] AndroidManifest.xml:83:9-87:48
205            android:name="com.facebook.FacebookActivity"
205-->[com.firebaseui:firebase-ui-auth:6.2.1] AndroidManifest.xml:84:13-57
206            android:configChanges="keyboard|keyboardHidden|screenLayout|screenSize|orientation"
206-->[com.firebaseui:firebase-ui-auth:6.2.1] AndroidManifest.xml:85:13-96
207            android:label="@string/app_name" />
207-->[com.firebaseui:firebase-ui-auth:6.2.1] AndroidManifest.xml:86:13-45
208        <activity
208-->[com.firebaseui:firebase-ui-auth:6.2.1] AndroidManifest.xml:88:9-100:20
209            android:name="com.facebook.CustomTabActivity"
209-->[com.firebaseui:firebase-ui-auth:6.2.1] AndroidManifest.xml:89:13-58
210            android:exported="true" >
210-->[com.firebaseui:firebase-ui-auth:6.2.1] AndroidManifest.xml:90:13-36
211            <intent-filter>
211-->[com.firebaseui:firebase-ui-auth:6.2.1] AndroidManifest.xml:92:13-99:29
212                <action android:name="android.intent.action.VIEW" />
212-->src\main\AndroidManifest.xml:36:17-69
212-->src\main\AndroidManifest.xml:36:25-66
213
214                <category android:name="android.intent.category.DEFAULT" />
214-->src\main\AndroidManifest.xml:38:17-76
214-->src\main\AndroidManifest.xml:38:27-73
215                <category android:name="android.intent.category.BROWSABLE" />
215-->src\main\AndroidManifest.xml:39:17-78
215-->src\main\AndroidManifest.xml:39:27-75
216
217                <data android:scheme="@string/facebook_login_protocol_scheme" />
217-->src\main\AndroidManifest.xml:41:23-66
218            </intent-filter>
219        </activity>
220
221        <provider
221-->[com.firebaseui:firebase-ui-auth:6.2.1] AndroidManifest.xml:102:9-106:38
222            android:name="com.firebase.ui.auth.data.client.AuthUiInitProvider"
222-->[com.firebaseui:firebase-ui-auth:6.2.1] AndroidManifest.xml:103:13-79
223            android:authorities="com.tawabsoft.taxi.rider.authuiinitprovider"
223-->[com.firebaseui:firebase-ui-auth:6.2.1] AndroidManifest.xml:104:13-70
224            android:exported="false"
224-->[com.firebaseui:firebase-ui-auth:6.2.1] AndroidManifest.xml:105:13-37
225            android:initOrder="90" />
225-->[com.firebaseui:firebase-ui-auth:6.2.1] AndroidManifest.xml:106:13-35
226
227        <activity
227-->[com.braintreepayments.api:drop-in:3.7.1] AndroidManifest.xml:18:9-20:62
228            android:name="com.braintreepayments.api.threedsecure.ThreeDSecureWebViewActivity"
228-->[com.braintreepayments.api:drop-in:3.7.1] AndroidManifest.xml:19:13-94
229            android:theme="@style/bt_three_d_secure_theme" />
229-->[com.braintreepayments.api:drop-in:3.7.1] AndroidManifest.xml:20:13-59
230        <activity
230-->[com.braintreepayments.api:drop-in:3.7.1] AndroidManifest.xml:21:9-23:64
231            android:name="com.braintreepayments.api.dropin.DropInActivity"
231-->[com.braintreepayments.api:drop-in:3.7.1] AndroidManifest.xml:22:13-75
232            android:theme="@style/bt_drop_in_activity_theme" />
232-->[com.braintreepayments.api:drop-in:3.7.1] AndroidManifest.xml:23:13-61
233        <activity
233-->[com.braintreepayments.api:drop-in:3.7.1] AndroidManifest.xml:24:9-26:65
234            android:name="com.braintreepayments.api.dropin.AddCardActivity"
234-->[com.braintreepayments.api:drop-in:3.7.1] AndroidManifest.xml:25:13-76
235            android:theme="@style/bt_add_card_activity_theme" />
235-->[com.braintreepayments.api:drop-in:3.7.1] AndroidManifest.xml:26:13-62
236        <activity
236-->[com.braintreepayments.api:drop-in:3.7.1] AndroidManifest.xml:27:9-29:70
237            android:name="com.braintreepayments.api.dropin.VaultManagerActivity"
237-->[com.braintreepayments.api:drop-in:3.7.1] AndroidManifest.xml:28:13-81
238            android:theme="@style/bt_vault_manager_activity_theme" />
238-->[com.braintreepayments.api:drop-in:3.7.1] AndroidManifest.xml:29:13-67
239        <activity
239-->[com.github.esafirm.android-image-picker:imagepicker:2.2.0] AndroidManifest.xml:16:9-19:50
240            android:name="com.esafirm.imagepicker.features.ImagePickerActivity"
240-->[com.github.esafirm.android-image-picker:imagepicker:2.2.0] AndroidManifest.xml:17:13-80
241            android:configChanges="orientation|screenSize"
241-->[com.github.esafirm.android-image-picker:imagepicker:2.2.0] AndroidManifest.xml:18:13-59
242            android:theme="@style/ef_AppTheme" />
242-->[com.github.esafirm.android-image-picker:imagepicker:2.2.0] AndroidManifest.xml:19:13-47
243
244        <provider
244-->[com.github.esafirm.android-image-picker:imagepicker:2.2.0] AndroidManifest.xml:21:9-29:20
245            android:name="com.esafirm.imagepicker.helper.ImagePickerFileProvider"
245-->[com.github.esafirm.android-image-picker:imagepicker:2.2.0] AndroidManifest.xml:22:13-82
246            android:authorities="com.tawabsoft.taxi.rider.imagepicker.provider"
246-->[com.github.esafirm.android-image-picker:imagepicker:2.2.0] AndroidManifest.xml:23:13-72
247            android:exported="false"
247-->[com.github.esafirm.android-image-picker:imagepicker:2.2.0] AndroidManifest.xml:24:13-37
248            android:grantUriPermissions="true" >
248-->[com.github.esafirm.android-image-picker:imagepicker:2.2.0] AndroidManifest.xml:25:13-47
249            <meta-data
249-->[com.github.esafirm.android-image-picker:imagepicker:2.2.0] AndroidManifest.xml:26:13-28:71
250                android:name="android.support.FILE_PROVIDER_PATHS"
250-->[com.github.esafirm.android-image-picker:imagepicker:2.2.0] AndroidManifest.xml:27:17-67
251                android:resource="@xml/image_picker_provider_paths" />
251-->[com.github.esafirm.android-image-picker:imagepicker:2.2.0] AndroidManifest.xml:28:17-68
252        </provider> <!-- Needs to be explicitly declared on P+ -->
253        <uses-library
253-->[com.google.android.gms:play-services-maps:17.0.0] AndroidManifest.xml:33:9-35:40
254            android:name="org.apache.http.legacy"
254-->[com.google.android.gms:play-services-maps:17.0.0] AndroidManifest.xml:34:13-50
255            android:required="false" />